<?xml version="1.0" encoding="UTF-8"?>
<testsuite xmlns:xsi="http://www.w3.org/2001/XMLSchema-instance" xsi:noNamespaceSchemaLocation="https://maven.apache.org/surefire/maven-surefire-plugin/xsd/surefire-test-report.xsd" version="3.0.1" name="com.qa.challenge.runners.TestRunner" time="9.558" tests="1" errors="0" skipped="0" failures="0">
  <properties>
[...]
</properties>
  <testcase name="Successful login in DemoQA Book Store" classname="DemoQA Login" time="9.291">
    <system-out><![CDATA[
Scenario: Successful login in DemoQA Book Store &amp#27;[90m# features/demoqa_login.feature:3&amp#27;[0m
  &amp#27;[32mGiven &amp#27;[0m&amp#27;[32mthe user is on the DemoQA login page&amp#27;[0m    &amp#27;[90m# com.qa.challenge.steps.DemoQASteps.the_user_is_on_the_demoqa_login_page()&amp#27;[0m
  &amp#27;[32mWhen &amp#27;[0m&amp#27;[32mthe user enters valid credentials&amp#27;[0m        &amp#27;[90m# com.qa.challenge.steps.DemoQASteps.the_user_enters_valid_credentials()&amp#27;[0m
  &amp#27;[32mAnd &amp#27;[0m&amp#27;[32mclicks the login button&amp#27;[0m                   &amp#27;[90m# com.qa.challenge.steps.DemoQASteps.clicks_the_login_button()&amp#27;[0m
  &amp#27;[32mThen &amp#27;[0m&amp#27;[32mthe user should see the profile page&amp#27;[0m     &amp#27;[90m# com.qa.challenge.steps.DemoQASteps.the_user_should_see_the_profile_page()&amp#27;[0m
]]></system-out>
    <system-err><![CDATA[nov. 23, 2025 11:01:42 P. M. org.openqa.selenium.devtools.CdpVersionFinder findNearestMatch
WARNING: Unable to find CDP implementation matching 141
nov. 23, 2025 11:01:42 P. M. org.openqa.selenium.chromium.ChromiumDriver lambda$new$5
WARNING: Unable to find version of CDP to use for 141.0.7390.123. You may need to include a dependency on a specific version of the CDP using something similar to `org.seleniumhq.selenium:selenium-devtools-v86:4.25.0` where the version ("v86") matches the version of the chromium-based browser you're using and the version number of the artifact is the same as Selenium's.
]]></system-err>
  </testcase>
</testsuite>